[
  {
    "line": 1,
    "elements": [
      {
        "start_timestamp": "2022-11-09T15:34:17.235Z",
        "before": [
          {
            "result": {
              "error_message": "org.openqa.selenium.SessionNotCreatedException: Could not start a new session. Possible causes are invalid address of the remote server or browser start-up failure.\n\tat org.openqa.selenium.remote.RemoteWebDriver.execute(RemoteWebDriver.java:561)\n\tat org.openqa.selenium.remote.RemoteWebDriver.startSession(RemoteWebDriver.java:230)\n\tat org.openqa.selenium.remote.RemoteWebDriver.\u003cinit\u003e(RemoteWebDriver.java:151)\n\tat org.openqa.selenium.safari.SafariDriver.\u003cinit\u003e(SafariDriver.java:87)\n\tat org.openqa.selenium.safari.SafariDriver.\u003cinit\u003e(SafariDriver.java:69)\n\tat org.openqa.selenium.safari.SafariDriver.\u003cinit\u003e(SafariDriver.java:47)\n\tat base.Config.setupBrowser(Config.java:27)\n\tat stepDef.Hook.startTest(Hook.java:24)\nCaused by: org.openqa.selenium.WebDriverException: Timed out waiting for driver server to start.\nBuild info: version: \u00274.1.1\u0027, revision: \u0027e8fcc2cecf\u0027\nSystem info: host: \u0027Tonnies-MBP\u0027, ip: \u0027fe80:0:0:0:1438:b030:e287:f780%en0\u0027, os.name: \u0027Mac OS X\u0027, os.arch: \u0027x86_64\u0027, os.version: \u002712.5.1\u0027, java.version: \u002719\u0027\nDriver info: driver.version: SafariDriver\n\tat org.openqa.selenium.remote.service.DriverService.start(DriverService.java:230)\n\tat org.openqa.selenium.remote.service.DriverCommandExecutor.execute(DriverCommandExecutor.java:98)\n\tat org.openqa.selenium.remote.RemoteWebDriver.execute(RemoteWebDriver.java:543)\n\tat org.openqa.selenium.remote.RemoteWebDriver.startSession(RemoteWebDriver.java:230)\n\tat org.openqa.selenium.remote.RemoteWebDriver.\u003cinit\u003e(RemoteWebDriver.java:151)\n\tat org.openqa.selenium.safari.SafariDriver.\u003cinit\u003e(SafariDriver.java:87)\n\tat org.openqa.selenium.safari.SafariDriver.\u003cinit\u003e(SafariDriver.java:69)\n\tat org.openqa.selenium.safari.SafariDriver.\u003cinit\u003e(SafariDriver.java:47)\n\tat base.Config.setupBrowser(Config.java:27)\n\tat stepDef.Hook.startTest(Hook.java:24)\n\tat java.base/jdk.internal.reflect.DirectMethodHandleAccessor.invoke(DirectMethodHandleAccessor.java:104)\n\tat java.base/java.lang.reflect.Method.invoke(Method.java:578)\n\tat io.cucumber.java.Invoker.doInvoke(Invoker.java:66)\n\tat io.cucumber.java.Invoker.invoke(Invoker.java:24)\n\tat io.cucumber.java.AbstractGlueDefinition.invokeMethod(AbstractGlueDefinition.java:47)\n\tat io.cucumber.java.JavaHookDefinition.execute(JavaHookDefinition.java:59)\n\tat io.cucumber.core.runner.CoreHookDefinition.execute(CoreHookDefinition.java:46)\n\tat io.cucumber.core.runner.HookDefinitionMatch.runStep(HookDefinitionMatch.java:21)\n\tat io.cucumber.core.runner.ExecutionMode$1.execute(ExecutionMode.java:10)\n\tat io.cucumber.core.runner.TestStep.executeStep(TestStep.java:92)\n\tat io.cucumber.core.runner.TestStep.run(TestStep.java:64)\n\tat io.cucumber.core.runner.TestCase.run(TestCase.java:98)\n\tat io.cucumber.core.runner.Runner.runPickle(Runner.java:73)\n\tat io.cucumber.testng.TestNGCucumberRunner.lambda$runScenario$0(TestNGCucumberRunner.java:117)\n\tat io.cucumber.core.runtime.CucumberExecutionContext.runTestCase(CucumberExecutionContext.java:117)\n\tat io.cucumber.testng.TestNGCucumberRunner.runScenario(TestNGCucumberRunner.java:114)\n\tat io.cucumber.testng.AbstractTestNGCucumberTests.runScenario(AbstractTestNGCucumberTests.java:31)\n\tat java.base/jdk.internal.reflect.DirectMethodHandleAccessor.invoke(DirectMethodHandleAccessor.java:104)\n\tat java.base/java.lang.reflect.Method.invoke(Method.java:578)\n\tat org.testng.internal.MethodInvocationHelper.invokeMethod(MethodInvocationHelper.java:132)\n\tat org.testng.internal.TestInvoker.invokeMethod(TestInvoker.java:599)\n\tat org.testng.internal.TestInvoker.invokeTestMethod(TestInvoker.java:174)\n\tat org.testng.internal.MethodRunner.runInSequence(MethodRunner.java:46)\n\tat org.testng.internal.TestInvoker$MethodInvocationAgent.invoke(TestInvoker.java:822)\n\tat org.testng.internal.TestInvoker.invokeTestMethods(TestInvoker.java:147)\n\tat org.testng.internal.TestMethodWorker.invokeTestMethods(TestMethodWorker.java:146)\n\tat org.testng.internal.TestMethodWorker.run(TestMethodWorker.java:128)\n\tat java.base/java.util.concurrent.ThreadPoolExecutor.runWorker(ThreadPoolExecutor.java:1144)\n\tat java.base/java.util.concurrent.ThreadPoolExecutor$Worker.run(ThreadPoolExecutor.java:642)\n\tat java.base/java.lang.Thread.run(Thread.java:1589)\nCaused by: java.util.concurrent.ExecutionException: org.openqa.selenium.WebDriverException: java.io.UncheckedIOException: java.net.SocketException: Invalid argument\nBuild info: version: \u00274.1.1\u0027, revision: \u0027e8fcc2cecf\u0027\nSystem info: host: \u0027Tonnies-MBP\u0027, ip: \u0027fe80:0:0:0:1438:b030:e287:f780%en0\u0027, os.name: \u0027Mac OS X\u0027, os.arch: \u0027x86_64\u0027, os.version: \u002712.5.1\u0027, java.version: \u002719\u0027\nDriver info: driver.version: unknown\n\tat java.base/java.util.concurrent.CompletableFuture.reportGet(CompletableFuture.java:396)\n\tat java.base/java.util.concurrent.CompletableFuture.get(CompletableFuture.java:2096)\n\tat org.openqa.selenium.remote.service.DriverService.start(DriverService.java:220)\n\t... 39 more\nCaused by: org.openqa.selenium.WebDriverException: java.io.UncheckedIOException: java.net.SocketException: Invalid argument\nBuild info: version: \u00274.1.1\u0027, revision: \u0027e8fcc2cecf\u0027\nSystem info: host: \u0027Tonnies-MBP\u0027, ip: \u0027fe80:0:0:0:1438:b030:e287:f780%en0\u0027, os.name: \u0027Mac OS X\u0027, os.arch: \u0027x86_64\u0027, os.version: \u002712.5.1\u0027, java.version: \u002719\u0027\nDriver info: driver.version: unknown\n\tat org.openqa.selenium.safari.SafariDriverService.waitUntilAvailable(SafariDriverService.java:86)\n\tat org.openqa.selenium.remote.service.DriverService.lambda$start$1(DriverService.java:205)\n\tat java.base/java.util.concurrent.CompletableFuture$AsyncSupply.run(CompletableFuture.java:1768)\n\t... 3 more\nCaused by: java.io.UncheckedIOException: java.net.SocketException: Invalid argument\n\tat org.openqa.selenium.net.PortProber.waitForPortUp(PortProber.java:117)\n\tat org.openqa.selenium.safari.SafariDriverService.waitUntilAvailable(SafariDriverService.java:84)\n\t... 5 more\nCaused by: java.net.SocketException: Invalid argument\n\tat java.base/sun.nio.ch.Net.connect0(Native Method)\n\tat java.base/sun.nio.ch.Net.connect(Net.java:579)\n\tat java.base/sun.nio.ch.Net.connect(Net.java:568)\n\tat java.base/sun.nio.ch.NioSocketImpl.connect(NioSocketImpl.java:576)\n\tat java.base/java.net.SocksSocketImpl.connect(SocksSocketImpl.java:327)\n\tat java.base/java.net.Socket.connect(Socket.java:666)\n\tat org.openqa.selenium.net.PortProber.waitForPortUp(PortProber.java:112)\n\t... 6 more\n",
              "duration": 1135191000,
              "status": "failed"
            },
            "match": {
              "location": "stepDef.Hook.startTest()"
            }
          }
        ],
        "line": 3,
        "name": "Create a new account",
        "description": "",
        "id": "registration;create-a-new-account",
        "after": [
          {
            "result": {
              "error_message": "java.lang.NullPointerException: Cannot invoke \"org.openqa.selenium.TakesScreenshot.getScreenshotAs(org.openqa.selenium.OutputType)\" because \"stepDef.Hook.driver\" is null\n\tat stepDef.Hook.endTest(Hook.java:38)\n",
              "duration": 4058000,
              "status": "failed"
            },
            "match": {
              "location": "stepDef.Hook.endTest(io.cucumber.java.Scenario)"
            }
          }
        ],
        "type": "scenario",
        "keyword": "Scenario",
        "steps": [
          {
            "result": {
              "duration": 54000,
              "status": "skipped"
            },
            "line": 4,
            "name": "I am at the walgreens homepage",
            "match": {
              "location": "stepDef.register_stepDef.iAmAtTheWalgreensHomepage()"
            },
            "keyword": "Given "
          },
          {
            "result": {
              "duration": 16000,
              "status": "skipped"
            },
            "line": 5,
            "name": "I click on Account",
            "match": {
              "location": "stepDef.register_stepDef.iClickOnAccount()"
            },
            "keyword": "And "
          },
          {
            "result": {
              "duration": 14000,
              "status": "skipped"
            },
            "line": 6,
            "name": "I click on Register",
            "match": {
              "location": "stepDef.register_stepDef.iClickOnRegister()"
            },
            "keyword": "And "
          },
          {
            "result": {
              "duration": 14000,
              "status": "skipped"
            },
            "line": 7,
            "name": "I enter valid First Name",
            "match": {
              "location": "stepDef.register_stepDef.iEnterValidFirstName(java.lang.String)"
            },
            "keyword": "And "
          },
          {
            "result": {
              "duration": 13000,
              "status": "skipped"
            },
            "line": 8,
            "name": "I enter valid Last Name",
            "match": {
              "location": "stepDef.register_stepDef.iEnterValidLastName()"
            },
            "keyword": "And "
          },
          {
            "result": {
              "duration": 18000,
              "status": "skipped"
            },
            "line": 9,
            "name": "I enter valid Email Address",
            "match": {
              "location": "stepDef.register_stepDef.iEnterValidEmailAddress()"
            },
            "keyword": "And "
          },
          {
            "result": {
              "duration": 14000,
              "status": "skipped"
            },
            "line": 10,
            "name": "I enter valid Password",
            "match": {
              "location": "stepDef.register_stepDef.iEnterValidPassword()"
            },
            "keyword": "And "
          },
          {
            "result": {
              "duration": 14000,
              "status": "skipped"
            },
            "line": 11,
            "name": "I click on I read and agree to the Walgreens terms of use",
            "match": {
              "location": "stepDef.register_stepDef.iClickOnIReadAndAgreeToTheWalgreensTermsOfUse()"
            },
            "keyword": "And "
          },
          {
            "result": {
              "duration": 15000,
              "status": "skipped"
            },
            "line": 12,
            "name": "I click on continue button",
            "match": {
              "location": "stepDef.register_stepDef.iClickOnContinueButton()"
            },
            "keyword": "When "
          },
          {
            "result": {
              "duration": 13000,
              "status": "skipped"
            },
            "line": 13,
            "name": "I should be able to create an account",
            "match": {
              "location": "stepDef.register_stepDef.iShouldBeAbleToCreateAnAccount()"
            },
            "keyword": "Then "
          }
        ],
        "tags": [
          {
            "name": "@Test"
          }
        ]
      }
    ],
    "name": "Registration",
    "description": "",
    "id": "registration",
    "keyword": "Feature",
    "uri": "file:src/test/java/features/register.feature",
    "tags": []
  }
]